<?xml version="1.0" encoding="UTF-8"?>
<Site BuildName="(empty)"
	BuildStamp="20260209-2259-Experimental"
	Name="jetson"
	Generator="ctest-3.16.3"
	CompilerName="/usr/bin/c++"
	CompilerVersion="9.4.0"
	OSName="Linux"
	Hostname="jetson"
	OSRelease="4.9.337-tegra"
	OSVersion="#1 SMP PREEMPT Mon Nov 4 23:41:41 PST 2024"
	OSPlatform="aarch64"
	Is64Bits="1"
	VendorString=""
	VendorID="Unknown Manufacturer"
	FamilyID="8"
	ModelID="0"
	ProcessorCacheSize="0"
	NumberOfLogicalCPU="4"
	NumberOfPhysicalCPU="1"
	TotalVirtualMemory="1977"
	TotalPhysicalMemory="3955"
	LogicalProcessorsPerPhysical="4"
	ProcessorClockFrequency="0"
	>
	<Testing>
		<StartDateTime>Feb 09 17:59 EST</StartDateTime>
		<StartTestTime>1770677966</StartTestTime>
		<TestList>
			<Test>./flake8</Test>
			<Test>./lint_cmake</Test>
			<Test>./pep257</Test>
			<Test>./xmllint</Test>
		</TestList>
		<Test Status="failed">
			<Name>flake8</Name>
			<Path>.</Path>
			<FullName>./flake8</FullName>
			<FullCommandLine>/usr/bin/python3 "-u" "/opt/ros/foxy/share/ament_cmake_test/cmake/run_test.py" "/home/jetson/ros2_ws/build/px4_autonomy_modules/test_results/px4_autonomy_modules/flake8.xunit.xml" "--package-name" "px4_autonomy_modules" "--output-file" "/home/jetson/ros2_ws/build/px4_autonomy_modules/ament_flake8/flake8.txt" "--command" "/opt/ros/foxy/bin/ament_flake8" "--xunit-file" "/home/jetson/ros2_ws/build/px4_autonomy_modules/test_results/px4_autonomy_modules/flake8.xunit.xml"</FullCommandLine>
			<Results>
				<NamedMeasurement type="text/string" name="Exit Code">
					<Value>Failed</Value>
				</NamedMeasurement>
				<NamedMeasurement type="text/string" name="Exit Value">
					<Value>1</Value>
				</NamedMeasurement>
				<NamedMeasurement type="numeric/double" name="Execution Time">
					<Value>1.89885</Value>
				</NamedMeasurement>
				<NamedMeasurement type="numeric/double" name="Processors">
					<Value>1</Value>
				</NamedMeasurement>
				<NamedMeasurement type="text/string" name="Completion Status">
					<Value>Completed</Value>
				</NamedMeasurement>
				<NamedMeasurement type="text/string" name="Command Line">
					<Value>/usr/bin/python3 "-u" "/opt/ros/foxy/share/ament_cmake_test/cmake/run_test.py" "/home/jetson/ros2_ws/build/px4_autonomy_modules/test_results/px4_autonomy_modules/flake8.xunit.xml" "--package-name" "px4_autonomy_modules" "--output-file" "/home/jetson/ros2_ws/build/px4_autonomy_modules/ament_flake8/flake8.txt" "--command" "/opt/ros/foxy/bin/ament_flake8" "--xunit-file" "/home/jetson/ros2_ws/build/px4_autonomy_modules/test_results/px4_autonomy_modules/flake8.xunit.xml"</Value>
				</NamedMeasurement>
				<Measurement>
					<Value>-- run_test.py: invoking following command in '/home/jetson/ros2_ws/src/px4_autonomy_modules':
 - /opt/ros/foxy/bin/ament_flake8 --xunit-file /home/jetson/ros2_ws/build/px4_autonomy_modules/test_results/px4_autonomy_modules/flake8.xunit.xml

./launch/mavros.launch.py:7:1: E302 expected 2 blank lines, found 1
def generate_launch_description():
^

./launch/mavros.launch.py:32:100: E501 line too long (110 &gt; 99 characters)
            default_value=get_package_share_directory("px4_autonomy_modules") + "/launch/px4_pluginlists.yaml"
                                                                                                   ^

./launch/mavros.launch.py:37:100: E501 line too long (105 &gt; 99 characters)
            default_value=get_package_share_directory("px4_autonomy_modules") + "/launch/px4_config.yaml"
                                                                                                   ^

./launch/mavros.launch.py:66:27: E203 whitespace before ':'
                {"fcu_url" : LaunchConfiguration("fcu_url")},
                          ^

./launch/mavros.launch.py:67:27: E203 whitespace before ':'
                {"gcs_url" : LaunchConfiguration("gcs_url")},
                          ^

./launch/mavros.launch.py:68:30: E203 whitespace before ':'
                {"tgt_system" : LaunchConfiguration("tgt_system")},
                             ^

./launch/mavros.launch.py:69:33: E203 whitespace before ':'
                {"tgt_component" : LaunchConfiguration("tgt_component") },
                                ^

./launch/mavros.launch.py:69:72: E202 whitespace before '}'
                {"tgt_component" : LaunchConfiguration("tgt_component") },
                                                                       ^

./launch/mavros.launch.py:70:32: E203 whitespace before ':'
                {"fcu_protocol" : LaunchConfiguration("fcu_protocol")},
                               ^

./launch/mavros.launch.py:74:1: W293 blank line contains whitespace
            
^

./launch/mavros.launch.py:76:7: W292 no newline at end of file
    ])      ^

1     E202 whitespace before '}'
5     E203 whitespace before ':'
1     E302 expected 2 blank lines, found 1
2     E501 line too long (110 &gt; 99 characters)
1     W292 no newline at end of file
1     W293 blank line contains whitespace

1 files checked
11 errors

'E'-type errors: 9
'W'-type errors: 2

Checked files:

* ./launch/mavros.launch.py
-- run_test.py: return code 1
-- run_test.py: verify result file '/home/jetson/ros2_ws/build/px4_autonomy_modules/test_results/px4_autonomy_modules/flake8.xunit.xml'
</Value>
				</Measurement>
			</Results>
			<Labels>
				<Label>flake8</Label>
				<Label>linter</Label>
			</Labels>
		</Test>
		<Test Status="passed">
			<Name>lint_cmake</Name>
			<Path>.</Path>
			<FullName>./lint_cmake</FullName>
			<FullCommandLine>/usr/bin/python3 "-u" "/opt/ros/foxy/share/ament_cmake_test/cmake/run_test.py" "/home/jetson/ros2_ws/build/px4_autonomy_modules/test_results/px4_autonomy_modules/lint_cmake.xunit.xml" "--package-name" "px4_autonomy_modules" "--output-file" "/home/jetson/ros2_ws/build/px4_autonomy_modules/ament_lint_cmake/lint_cmake.txt" "--command" "/opt/ros/foxy/bin/ament_lint_cmake" "--xunit-file" "/home/jetson/ros2_ws/build/px4_autonomy_modules/test_results/px4_autonomy_modules/lint_cmake.xunit.xml"</FullCommandLine>
			<Results>
				<NamedMeasurement type="numeric/double" name="Execution Time">
					<Value>1.32707</Value>
				</NamedMeasurement>
				<NamedMeasurement type="numeric/double" name="Processors">
					<Value>1</Value>
				</NamedMeasurement>
				<NamedMeasurement type="text/string" name="Completion Status">
					<Value>Completed</Value>
				</NamedMeasurement>
				<NamedMeasurement type="text/string" name="Command Line">
					<Value>/usr/bin/python3 "-u" "/opt/ros/foxy/share/ament_cmake_test/cmake/run_test.py" "/home/jetson/ros2_ws/build/px4_autonomy_modules/test_results/px4_autonomy_modules/lint_cmake.xunit.xml" "--package-name" "px4_autonomy_modules" "--output-file" "/home/jetson/ros2_ws/build/px4_autonomy_modules/ament_lint_cmake/lint_cmake.txt" "--command" "/opt/ros/foxy/bin/ament_lint_cmake" "--xunit-file" "/home/jetson/ros2_ws/build/px4_autonomy_modules/test_results/px4_autonomy_modules/lint_cmake.xunit.xml"</Value>
				</NamedMeasurement>
				<Measurement>
					<Value>-- run_test.py: invoking following command in '/home/jetson/ros2_ws/src/px4_autonomy_modules':
 - /opt/ros/foxy/bin/ament_lint_cmake --xunit-file /home/jetson/ros2_ws/build/px4_autonomy_modules/test_results/px4_autonomy_modules/lint_cmake.xunit.xml

No problems found
-- run_test.py: return code 0
-- run_test.py: verify result file '/home/jetson/ros2_ws/build/px4_autonomy_modules/test_results/px4_autonomy_modules/lint_cmake.xunit.xml'
</Value>
				</Measurement>
			</Results>
			<Labels>
				<Label>lint_cmake</Label>
				<Label>linter</Label>
			</Labels>
		</Test>
		<Test Status="passed">
			<Name>pep257</Name>
			<Path>.</Path>
			<FullName>./pep257</FullName>
			<FullCommandLine>/usr/bin/python3 "-u" "/opt/ros/foxy/share/ament_cmake_test/cmake/run_test.py" "/home/jetson/ros2_ws/build/px4_autonomy_modules/test_results/px4_autonomy_modules/pep257.xunit.xml" "--package-name" "px4_autonomy_modules" "--output-file" "/home/jetson/ros2_ws/build/px4_autonomy_modules/ament_pep257/pep257.txt" "--command" "/opt/ros/foxy/bin/ament_pep257" "--xunit-file" "/home/jetson/ros2_ws/build/px4_autonomy_modules/test_results/px4_autonomy_modules/pep257.xunit.xml"</FullCommandLine>
			<Results>
				<NamedMeasurement type="numeric/double" name="Execution Time">
					<Value>1.71819</Value>
				</NamedMeasurement>
				<NamedMeasurement type="numeric/double" name="Processors">
					<Value>1</Value>
				</NamedMeasurement>
				<NamedMeasurement type="text/string" name="Completion Status">
					<Value>Completed</Value>
				</NamedMeasurement>
				<NamedMeasurement type="text/string" name="Command Line">
					<Value>/usr/bin/python3 "-u" "/opt/ros/foxy/share/ament_cmake_test/cmake/run_test.py" "/home/jetson/ros2_ws/build/px4_autonomy_modules/test_results/px4_autonomy_modules/pep257.xunit.xml" "--package-name" "px4_autonomy_modules" "--output-file" "/home/jetson/ros2_ws/build/px4_autonomy_modules/ament_pep257/pep257.txt" "--command" "/opt/ros/foxy/bin/ament_pep257" "--xunit-file" "/home/jetson/ros2_ws/build/px4_autonomy_modules/test_results/px4_autonomy_modules/pep257.xunit.xml"</Value>
				</NamedMeasurement>
				<Measurement>
					<Value>-- run_test.py: invoking following command in '/home/jetson/ros2_ws/src/px4_autonomy_modules':
 - /opt/ros/foxy/bin/ament_pep257 --xunit-file /home/jetson/ros2_ws/build/px4_autonomy_modules/test_results/px4_autonomy_modules/pep257.xunit.xml
checking ./launch/mavros.launch.py
No problems found
-- run_test.py: return code 0
-- run_test.py: verify result file '/home/jetson/ros2_ws/build/px4_autonomy_modules/test_results/px4_autonomy_modules/pep257.xunit.xml'
</Value>
				</Measurement>
			</Results>
			<Labels>
				<Label>linter</Label>
				<Label>pep257</Label>
			</Labels>
		</Test>
		<Test Status="passed">
			<Name>xmllint</Name>
			<Path>.</Path>
			<FullName>./xmllint</FullName>
			<FullCommandLine>/usr/bin/python3 "-u" "/opt/ros/foxy/share/ament_cmake_test/cmake/run_test.py" "/home/jetson/ros2_ws/build/px4_autonomy_modules/test_results/px4_autonomy_modules/xmllint.xunit.xml" "--package-name" "px4_autonomy_modules" "--output-file" "/home/jetson/ros2_ws/build/px4_autonomy_modules/ament_xmllint/xmllint.txt" "--command" "/opt/ros/foxy/bin/ament_xmllint" "--xunit-file" "/home/jetson/ros2_ws/build/px4_autonomy_modules/test_results/px4_autonomy_modules/xmllint.xunit.xml"</FullCommandLine>
			<Results>
				<NamedMeasurement type="numeric/double" name="Execution Time">
					<Value>1.96736</Value>
				</NamedMeasurement>
				<NamedMeasurement type="numeric/double" name="Processors">
					<Value>1</Value>
				</NamedMeasurement>
				<NamedMeasurement type="text/string" name="Completion Status">
					<Value>Completed</Value>
				</NamedMeasurement>
				<NamedMeasurement type="text/string" name="Command Line">
					<Value>/usr/bin/python3 "-u" "/opt/ros/foxy/share/ament_cmake_test/cmake/run_test.py" "/home/jetson/ros2_ws/build/px4_autonomy_modules/test_results/px4_autonomy_modules/xmllint.xunit.xml" "--package-name" "px4_autonomy_modules" "--output-file" "/home/jetson/ros2_ws/build/px4_autonomy_modules/ament_xmllint/xmllint.txt" "--command" "/opt/ros/foxy/bin/ament_xmllint" "--xunit-file" "/home/jetson/ros2_ws/build/px4_autonomy_modules/test_results/px4_autonomy_modules/xmllint.xunit.xml"</Value>
				</NamedMeasurement>
				<Measurement>
					<Value>-- run_test.py: invoking following command in '/home/jetson/ros2_ws/src/px4_autonomy_modules':
 - /opt/ros/foxy/bin/ament_xmllint --xunit-file /home/jetson/ros2_ws/build/px4_autonomy_modules/test_results/px4_autonomy_modules/xmllint.xunit.xml
File 'package.xml' is valid

No problems found
-- run_test.py: return code 0
-- run_test.py: verify result file '/home/jetson/ros2_ws/build/px4_autonomy_modules/test_results/px4_autonomy_modules/xmllint.xunit.xml'
</Value>
				</Measurement>
			</Results>
			<Labels>
				<Label>linter</Label>
				<Label>xmllint</Label>
			</Labels>
		</Test>
		<EndDateTime>Feb 09 17:59 EST</EndDateTime>
		<EndTestTime>1770677973</EndTestTime>
		<ElapsedMinutes>0</ElapsedMinutes>
	</Testing>
</Site>
